<?xml version="1.0" encoding="utf-8"?><testsuites name="pytest tests"><testsuite name="pytest" errors="0" failures="0" skipped="0" tests="19" time="0.157" timestamp="2026-08-30T06:54:54.649516+00:00" hostname="agent-env-5d5ae41f-a04e-4010-b002-4f2100e9af3e"><testcase classname="backend.tests.backend_test.TestHealth" name="test_health" time="0.005" /><testcase classname="backend.tests.backend_test.TestSandbox" name="test_scenarios_catalog" time="0.002" /><testcase classname="backend.tests.backend_test.TestSandbox" name="test_analyze_with_scenario_id" time="0.006" /><testcase classname="backend.tests.backend_test.TestSandbox" name="test_analyze_phishing_message" time="0.006" /><testcase classname="backend.tests.backend_test.TestSandbox" name="test_analyze_empty_content_400" time="0.002" /><testcase classname="backend.tests.backend_test.TestSandbox" name="test_analyze_unsupported_type_400" time="0.002" /><testcase classname="backend.tests.backend_test.TestSandbox" name="test_analyze_missing_input_type_400" time="0.002" /><testcase classname="backend.tests.backend_test.TestSandbox" name="test_analyze_oversized_content_400" time="0.002" /><testcase classname="backend.tests.backend_test.TestSandbox" name="test_compare" time="0.005" /><testcase classname="backend.tests.backend_test.TestSandbox" name="test_compare_missing_scenario_400" time="0.002" /><testcase classname="backend.tests.backend_test.TestSandbox" name="test_runs_list_and_pagination" time="0.002" /><testcase classname="backend.tests.backend_test.TestSandbox" name="test_run_detail_not_found" time="0.002" /><testcase classname="backend.tests.backend_test.TestSandbox" name="test_run_detail_invalid_id" time="0.001" /><testcase classname="backend.tests.backend_test.TestSandbox" name="test_zz_clear_runs_only_sandbox" time="0.007" /><testcase classname="backend.tests.backend_test.TestScannersRegression" name="test_scan_url_safe" time="0.005" /><testcase classname="backend.tests.backend_test.TestScannersRegression" name="test_scan_message_safe" time="0.003" /><testcase classname="backend.tests.backend_test.TestScannersRegression" name="test_scan_email_phishing" time="0.003" /><testcase classname="backend.tests.backend_test.TestScannersRegression" name="test_dashboard" time="0.002" /><testcase classname="backend.tests.backend_test.TestScannersRegression" name="test_scans_list" time="0.003" /></testsuite></testsuites>